Log file open, 06/07/20 23:33:58
LogWindows: Failed to load 'aqProf.dll' (GetLastError=126)
LogWindows: File 'aqProf.dll' does not exist
LogWindows: Failed to load 'VtuneApi.dll' (GetLastError=126)
LogWindows: File 'VtuneApi.dll' does not exist
LogWindows: Failed to load 'VtuneApi32e.dll' (GetLastError=126)
LogWindows: File 'VtuneApi32e.dll' does not exist
LogConsoleResponse: Display: Failed to find resolution value strings in scalability ini. Falling back to default.
LogInit: Display: Running engine for game: Overheat
LogPlatformFile: Not using cached read wrapper
LogTaskGraph: Started task graph with 5 named threads and 14 total threads with 3 sets of task threads.
LogStats: Stats thread started at 0.070747
LogD3D11RHI: Loaded GFSDK_Aftermath_Lib.x64.dll
LogICUInternationalization: ICU TimeZone Detection - Raw Offset: -6:00, Platform Override: ''
LogPluginManager: Mounting plugin Paper2D
LogPluginManager: Mounting plugin AISupport
LogPluginManager: Mounting plugin LightPropagationVolume
LogPluginManager: Mounting plugin ActorLayerUtilities
LogPluginManager: Mounting plugin AnimationSharing
LogPluginManager: Mounting plugin CLionSourceCodeAccess
LogPluginManager: Mounting plugin CodeLiteSourceCodeAccess
LogPluginManager: Mounting plugin GitSourceControl
LogPluginManager: Mounting plugin KDevelopSourceCodeAccess
LogPluginManager: Mounting plugin NullSourceCodeAccess
LogPluginManager: Mounting plugin PerforceSourceControl
LogPluginManager: Mounting plugin PlasticSourceControl
LogPluginManager: Mounting plugin SubversionSourceControl
LogPluginManager: Mounting plugin UObjectPlugin
LogPluginManager: Mounting plugin VisualStudioCodeSourceCodeAccess
LogPluginManager: Mounting plugin VisualStudioSourceCodeAccess
LogPluginManager: Mounting plugin XCodeSourceCodeAccess
LogPluginManager: Mounting plugin AssetManagerEditor
LogPluginManager: Mounting plugin CryptoKeys
LogPluginManager: Mounting plugin CurveEditorTools
LogPluginManager: Mounting plugin DataValidation
LogPluginManager: Mounting plugin FacialAnimation
LogPluginManager: Mounting plugin GameplayTagsEditor
LogPluginManager: Mounting plugin MacGraphicsSwitching
LogPluginManager: Mounting plugin MaterialAnalyzer
LogPluginManager: Mounting plugin MobileLauncherProfileWizard
LogPluginManager: Mounting plugin PluginBrowser
LogPluginManager: Mounting plugin SpeedTreeImporter
LogPluginManager: Mounting plugin DatasmithContent
LogPluginManager: Mounting plugin VariantManagerContent
LogPluginManager: Mounting plugin AlembicImporter
LogPluginManager: Mounting plugin AutomationUtils
LogPluginManager: Mounting plugin BackChannel
LogPluginManager: Mounting plugin CharacterAI
LogPluginManager: Mounting plugin GeometryCache
LogPluginManager: Mounting plugin PlatformCrypto
LogPluginManager: Mounting plugin ProxyLODPlugin
LogPluginManager: Mounting plugin SkeletalReduction
LogPluginManager: Mounting plugin MagicLeap
LogPluginManager: Mounting plugin MagicLeapMedia
LogPluginManager: Mounting plugin MLSDK
LogPluginManager: Mounting plugin AndroidMedia
LogPluginManager: Mounting plugin AvfMedia
LogPluginManager: Mounting plugin ImgMedia
LogPluginManager: Mounting plugin MediaCompositing
LogPluginManager: Mounting plugin MediaPlayerEditor
LogPluginManager: Mounting plugin WebMMedia
LogPluginManager: Mounting plugin WmfMedia
LogPluginManager: Mounting plugin TcpMessaging
LogPluginManager: Mounting plugin UdpMessaging
LogPluginManager: Mounting plugin ActorSequence
LogPluginManager: Mounting plugin LevelSequenceEditor
LogPluginManager: Mounting plugin MatineeToLevelSequence
LogPluginManager: Mounting plugin NetcodeUnitTest
LogPluginManager: Mounting plugin NUTUnrealEngine4
LogPluginManager: Mounting plugin OnlineSubsystemGooglePlay
LogPluginManager: Mounting plugin OnlineSubsystemIOS
LogPluginManager: Mounting plugin OnlineSubsystem
LogPluginManager: Mounting plugin OnlineSubsystemNull
LogPluginManager: Mounting plugin OnlineSubsystemUtils
LogPluginManager: Mounting plugin LauncherChunkInstaller
LogPluginManager: Mounting plugin AndroidDeviceProfileSelector
LogPluginManager: Mounting plugin AndroidMoviePlayer
LogPluginManager: Mounting plugin AndroidPermission
LogPluginManager: Mounting plugin AppleImageUtils
LogPluginManager: Mounting plugin AppleMoviePlayer
LogPluginManager: Mounting plugin ArchVisCharacter
LogPluginManager: Mounting plugin AssetTags
LogPluginManager: Mounting plugin AudioCapture
LogPluginManager: Mounting plugin CableComponent
LogPluginManager: Mounting plugin CustomMeshComponent
LogPluginManager: Mounting plugin EditableMesh
LogPluginManager: Mounting plugin ExampleDeviceProfileSelector
LogPluginManager: Mounting plugin GoogleCloudMessaging
LogPluginManager: Mounting plugin IOSDeviceProfileSelector
LogPluginManager: Mounting plugin LinuxDeviceProfileSelector
LogPluginManager: Mounting plugin LocationServicesBPLibrary
LogPluginManager: Mounting plugin MobilePatchingUtils
LogPluginManager: Mounting plugin OculusVR
LogPluginManager: Mounting plugin PhysXVehicles
LogPluginManager: Mounting plugin PostSplashScreen
LogPluginManager: Mounting plugin ProceduralMeshComponent
LogPluginManager: Mounting plugin RuntimePhysXCooking
LogPluginManager: Mounting plugin SignificanceManager
LogPluginManager: Mounting plugin SteamVR
LogPluginManager: Mounting plugin WebMMoviePlayer
LogPluginManager: Mounting plugin WindowsMoviePlayer
LogPluginManager: Mounting plugin ScreenshotTools
LogInit: Using libcurl 7.55.1-DEV
LogInit:  - built for x86_64-pc-win32
LogInit:  - supports SSL with OpenSSL/1.1.1
LogInit:  - supports HTTP deflate (compression) using libz 1.2.8
LogInit:  - other features:
LogInit:      CURL_VERSION_SSL
LogInit:      CURL_VERSION_LIBZ
LogInit:      CURL_VERSION_IPV6
LogInit:      CURL_VERSION_ASYNCHDNS
LogInit:      CURL_VERSION_LARGEFILE
LogInit:      CURL_VERSION_IDN
LogInit:  CurlRequestOptions (configurable via config and command line):
LogInit:  - bVerifyPeer = true  - Libcurl will verify peer certificate
LogInit:  - bUseHttpProxy = false  - Libcurl will NOT use HTTP proxy
LogInit:  - bDontReuseConnections = false  - Libcurl will reuse connections
LogInit:  - MaxHostConnections = 16  - Libcurl will limit the number of connections to a host
LogInit:  - LocalHostAddr = Default
LogInit:  - BufferSize = 65536
LogOnline: OSS: Creating online subsystem instance for: NULL
LogInit: WinSock: version 1.1 (2.2), MaxSocks=32767, MaxUdp=65467
LogOnline: OSS: TryLoadSubsystemAndSetDefault: Loaded subsystem for module [NULL]
LogInit: Build: ++UE4+Release-4.24-CL-11590370
LogInit: Engine Version: 4.24.3-11590370+++UE4+Release-4.24
LogInit: Compatible Engine Version: 4.24.0-10570792+++UE4+Release-4.24
LogInit: Net CL: 10570792
LogInit: OS: Windows 10 (Release 1809) (), CPU: Intel(R) Core(TM) i3-8100 CPU @ 3.60GHz, GPU: NVIDIA GeForce GTX 1060 6GB
LogInit: Compiled (64-bit): Feb 24 2020 15:39:18
LogInit: Compiled with Visual C++: 19.16.27032.01
LogInit: Build Configuration: Development
LogInit: Branch Name: ++UE4+Release-4.24
LogInit: Command Line: 
LogInit: Base Directory: C:/Program Files (x86)/UE_4.24/Engine/Binaries/Win64/
LogInit: Installed Engine Build: 1
LogDevObjectVersion: Number of dev versions registered: 25
LogDevObjectVersion:   Dev-Blueprints (B0D832E4-1F89-4F0D-ACCF-7EB736FD4AA2): 10
LogDevObjectVersion:   Dev-Build (E1C64328-A22C-4D53-A36C-8E866417BD8C): 0
LogDevObjectVersion:   Dev-Core (375EC13C-06E4-48FB-B500-84F0262A717E): 3
LogDevObjectVersion:   Dev-Editor (E4B068ED-F494-42E9-A231-DA0B2E46BB41): 37
LogDevObjectVersion:   Dev-Framework (CFFC743F-43B0-4480-9391-14DF171D2073): 36
LogDevObjectVersion:   Dev-Mobile (B02B49B5-BB20-44E9-A304-32B752E40360): 2
LogDevObjectVersion:   Dev-Networking (A4E4105C-59A1-49B5-A7C5-40C4547EDFEE): 0
LogDevObjectVersion:   Dev-Online (39C831C9-5AE6-47DC-9A44-9C173E1C8E7C): 0
LogDevObjectVersion:   Dev-Physics (78F01B33-EBEA-4F98-B9B4-84EACCB95AA2): 2
LogDevObjectVersion:   Dev-Platform (6631380F-2D4D-43E0-8009-CF276956A95A): 0
LogDevObjectVersion:   Dev-Rendering (12F88B9F-8875-4AFC-A67C-D90C383ABD29): 36
LogDevObjectVersion:   Dev-Sequencer (7B5AE74C-D270-4C10-A958-57980B212A5A): 11
LogDevObjectVersion:   Dev-VR (D7296918-1DD6-4BDD-9DE2-64A83CC13884): 2
LogDevObjectVersion:   Dev-LoadTimes (C2A15278-BFE7-4AFE-6C17-90FF531DF755): 1
LogDevObjectVersion:   Private-Geometry (6EACA3D4-40EC-4CC1-B786-8BED09428FC5): 3
LogDevObjectVersion:   Dev-AnimPhys (29E575DD-E0A3-4627-9D10-D276232CDCEA): 17
LogDevObjectVersion:   Dev-Anim (AF43A65D-7FD3-4947-9873-3E8ED9C1BB05): 2
LogDevObjectVersion:   Dev-ReflectionCapture (6B266CEC-1EC7-4B8F-A30B-E4D90942FC07): 1
LogDevObjectVersion:   Dev-Automation (0DF73D61-A23F-47EA-B727-89E90C41499A): 1
LogDevObjectVersion:   FortniteMain (601D1886-AC64-4F84-AA16-D3DE0DEAC7D6): 31
LogDevObjectVersion:   Dev-Enterprise (9DFFBCD6-494F-0158-E221-12823C92A888): 8
LogDevObjectVersion:   Dev-Niagara (F2AED0AC-9AFE-416F-8664-AA7FFA26D6FC): 1
LogDevObjectVersion:   Dev-Destruction (174F1F0B-B4C6-45A5-B13F-2EE8D0FB917D): 9
LogDevObjectVersion:   Dev-Physics-Ext (35F94A83-E258-406C-A318-09F59610247C): 8
LogDevObjectVersion:   Dev-CineCamera (B2E18506-4273-CFC2-A54E-F4BB758BBA07): 1
LogInit: Presizing for max 25165824 objects, including 0 objects not considered by GC, pre-allocating 0 bytes for permanent pool.
LogInit: Object subsystem initialized
LogConfig: Setting CVar [[con.DebugEarlyDefault:1]]
LogConfig: Setting CVar [[r.setres:1280x720]]
[2020.06.08-04.33.58:232][  0]LogConfig: Setting CVar [[r.VSync:0]]
[2020.06.08-04.33.58:232][  0]LogConfig: Setting CVar [[r.RHICmdBypass:0]]
[2020.06.08-04.33.58:232][  0]LogConfig: Applying CVar settings from Section [/Script/Engine.RendererSettings] File [D:/Bigger GitHub Projects/GitHub/Overheat/Overheat/Saved/Config/Windows/Engine.ini]
[2020.06.08-04.33.58:232][  0]LogConfig: Setting CVar [[r.GPUCrashDebugging:0]]
[2020.06.08-04.33.58:232][  0]LogConfig: Applying CVar settings from Section [/Script/Engine.RendererOverrideSettings] File [D:/Bigger GitHub Projects/GitHub/Overheat/Overheat/Saved/Config/Windows/Engine.ini]
[2020.06.08-04.33.58:232][  0]LogConfig: Applying CVar settings from Section [/Script/Engine.StreamingSettings] File [D:/Bigger GitHub Projects/GitHub/Overheat/Overheat/Saved/Config/Windows/Engine.ini]
[2020.06.08-04.33.58:232][  0]LogConfig: Setting CVar [[s.MinBulkDataSizeForAsyncLoading:131072]]
[2020.06.08-04.33.58:232][  0]LogConfig: Setting CVar [[s.AsyncLoadingThreadEnabled:0]]
[2020.06.08-04.33.58:232][  0]LogConfig: Setting CVar [[s.EventDrivenLoaderEnabled:1]]
[2020.06.08-04.33.58:232][  0]LogConfig: Setting CVar [[s.WarnIfTimeLimitExceeded:0]]
[2020.06.08-04.33.58:232][  0]LogConfig: Setting CVar [[s.TimeLimitExceededMultiplier:1.5]]
[2020.06.08-04.33.58:232][  0]LogConfig: Setting CVar [[s.TimeLimitExceededMinTime:0.005]]
[2020.06.08-04.33.58:232][  0]LogConfig: Setting CVar [[s.UseBackgroundLevelStreaming:1]]
[2020.06.08-04.33.58:232][  0]LogConfig: Setting CVar [[s.PriorityAsyncLoadingExtraTime:15.0]]
[2020.06.08-04.33.58:232][  0]LogConfig: Setting CVar [[s.LevelStreamingActorsUpdateTimeLimit:5.0]]
[2020.06.08-04.33.58:232][  0]LogConfig: Setting CVar [[s.PriorityLevelStreamingActorsUpdateExtraTime:5.0]]
[2020.06.08-04.33.58:232][  0]LogConfig: Setting CVar [[s.LevelStreamingComponentsRegistrationGranularity:10]]
[2020.06.08-04.33.58:232][  0]LogConfig: Setting CVar [[s.UnregisterComponentsTimeLimit:1.0]]
[2020.06.08-04.33.58:232][  0]LogConfig: Setting CVar [[s.LevelStreamingComponentsUnregistrationGranularity:5]]
[2020.06.08-04.33.58:232][  0]LogConfig: Setting CVar [[s.FlushStreamingOnExit:1]]
[2020.06.08-04.33.58:232][  0]LogConfig: Applying CVar settings from Section [/Script/Engine.GarbageCollectionSettings] File [D:/Bigger GitHub Projects/GitHub/Overheat/Overheat/Saved/Config/Windows/Engine.ini]
[2020.06.08-04.33.58:232][  0]LogConfig: Setting CVar [[gc.MaxObjectsNotConsideredByGC:1]]
[2020.06.08-04.33.58:232][  0]LogConfig: Setting CVar [[gc.SizeOfPermanentObjectPool:0]]
[2020.06.08-04.33.58:232][  0]LogConfig: Setting CVar [[gc.FlushStreamingOnGC:0]]
[2020.06.08-04.33.58:232][  0]LogConfig: Setting CVar [[gc.NumRetriesBeforeForcingGC:10]]
[2020.06.08-04.33.58:232][  0]LogConfig: Setting CVar [[gc.AllowParallelGC:1]]
[2020.06.08-04.33.58:232][  0]LogConfig: Setting CVar [[gc.TimeBetweenPurgingPendingKillObjects:61.1]]
[2020.06.08-04.33.58:233][  0]LogConfig: Setting CVar [[gc.MaxObjectsInEditor:25165824]]
[2020.06.08-04.33.58:233][  0]LogConfig: Setting CVar [[gc.IncrementalBeginDestroyEnabled:1]]
[2020.06.08-04.33.58:233][  0]LogConfig: Setting CVar [[gc.CreateGCClusters:1]]
[2020.06.08-04.33.58:233][  0]LogConfig: Setting CVar [[gc.MinGCClusterSize:5]]
[2020.06.08-04.33.58:233][  0]LogConfig: Setting CVar [[gc.ActorClusteringEnabled:0]]
[2020.06.08-04.33.58:233][  0]LogConfig: Setting CVar [[gc.BlueprintClusteringEnabled:0]]
[2020.06.08-04.33.58:233][  0]LogConfig: Setting CVar [[gc.UseDisregardForGCOnDedicatedServers:0]]
[2020.06.08-04.33.58:233][  0]LogConfig: Applying CVar settings from Section [/Script/Engine.NetworkSettings] File [D:/Bigger GitHub Projects/GitHub/Overheat/Overheat/Saved/Config/Windows/Engine.ini]
[2020.06.08-04.33.58:233][  0]LogConfig: Applying CVar settings from Section [/Script/UnrealEd.CookerSettings] File [D:/Bigger GitHub Projects/GitHub/Overheat/Overheat/Saved/Config/Windows/Engine.ini]
[2020.06.08-04.33.58:238][  0]LogConfig: Applying CVar settings from Section [ViewDistanceQuality@3] File [D:/Bigger GitHub Projects/GitHub/Overheat/Overheat/Saved/Config/Windows/Scalability.ini]
[2020.06.08-04.33.58:238][  0]LogConfig: Setting CVar [[r.SkeletalMeshLODBias:0]]
[2020.06.08-04.33.58:238][  0]LogConfig: Setting CVar [[r.ViewDistanceScale:1.0]]
[2020.06.08-04.33.58:238][  0]LogConfig: Applying CVar settings from Section [AntiAliasingQuality@3] File [D:/Bigger GitHub Projects/GitHub/Overheat/Overheat/Saved/Config/Windows/Scalability.ini]
[2020.06.08-04.33.58:238][  0]LogConfig: Setting CVar [[r.PostProcessAAQuality:4]]
[2020.06.08-04.33.58:238][  0]LogConfig: Applying CVar settings from Section [ShadowQuality@3] File [D:/Bigger GitHub Projects/GitHub/Overheat/Overheat/Saved/Config/Windows/Scalability.ini]
[2020.06.08-04.33.58:238][  0]LogConfig: Setting CVar [[r.LightFunctionQuality:1]]
[2020.06.08-04.33.58:238][  0]LogConfig: Setting CVar [[r.ShadowQuality:5]]
[2020.06.08-04.33.58:238][  0]LogConfig: Setting CVar [[r.Shadow.CSM.MaxCascades:10]]
[2020.06.08-04.33.58:238][  0]LogConfig: Setting CVar [[r.Shadow.MaxResolution:2048]]
[2020.06.08-04.33.58:238][  0]LogConfig: Setting CVar [[r.Shadow.MaxCSMResolution:2048]]
[2020.06.08-04.33.58:238][  0]LogConfig: Setting CVar [[r.Shadow.RadiusThreshold:0.01]]
[2020.06.08-04.33.58:238][  0]LogConfig: Setting CVar [[r.Shadow.DistanceScale:1.0]]
[2020.06.08-04.33.58:238][  0]LogConfig: Setting CVar [[r.Shadow.CSM.TransitionScale:1.0]]
[2020.06.08-04.33.58:238][  0]LogConfig: Setting CVar [[r.Shadow.PreShadowResolutionFactor:1.0]]
[2020.06.08-04.33.58:238][  0]LogConfig: Setting CVar [[r.DistanceFieldShadowing:1]]
[2020.06.08-04.33.58:238][  0]LogConfig: Setting CVar [[r.DistanceFieldAO:1]]
[2020.06.08-04.33.58:238][  0]LogConfig: Setting CVar [[r.AOQuality:2]]
[2020.06.08-04.33.58:238][  0]LogConfig: Setting CVar [[r.VolumetricFog:1]]
[2020.06.08-04.33.58:238][  0]LogConfig: Setting CVar [[r.VolumetricFog.GridPixelSize:8]]
[2020.06.08-04.33.58:238][  0]LogConfig: Setting CVar [[r.VolumetricFog.GridSizeZ:128]]
[2020.06.08-04.33.58:238][  0]LogConfig: Setting CVar [[r.VolumetricFog.HistoryMissSupersampleCount:4]]
[2020.06.08-04.33.58:238][  0]LogConfig: Setting CVar [[r.LightMaxDrawDistanceScale:1]]
[2020.06.08-04.33.58:238][  0]LogConfig: Setting CVar [[r.CapsuleShadows:1]]
[2020.06.08-04.33.58:238][  0]LogConfig: Applying CVar settings from Section [PostProcessQuality@3] File [D:/Bigger GitHub Projects/GitHub/Overheat/Overheat/Saved/Config/Windows/Scalability.ini]
[2020.06.08-04.33.58:238][  0]LogConfig: Setting CVar [[r.MotionBlurQuality:4]]
[2020.06.08-04.33.58:238][  0]LogConfig: Setting CVar [[r.AmbientOcclusionMipLevelFactor:0.4]]
[2020.06.08-04.33.58:238][  0]LogConfig: Setting CVar [[r.AmbientOcclusionMaxQuality:100]]
[2020.06.08-04.33.58:238][  0]LogConfig: Setting CVar [[r.AmbientOcclusionLevels:-1]]
[2020.06.08-04.33.58:238][  0]LogConfig: Setting CVar [[r.AmbientOcclusionRadiusScale:1.0]]
[2020.06.08-04.33.58:238][  0]LogConfig: Setting CVar [[r.DepthOfFieldQuality:2]]
[2020.06.08-04.33.58:238][  0]LogConfig: Setting CVar [[r.RenderTargetPoolMin:400]]
[2020.06.08-04.33.58:238][  0]LogConfig: Setting CVar [[r.LensFlareQuality:2]]
[2020.06.08-04.33.58:238][  0]LogConfig: Setting CVar [[r.SceneColorFringeQuality:1]]
[2020.06.08-04.33.58:238][  0]LogConfig: Setting CVar [[r.EyeAdaptationQuality:2]]
[2020.06.08-04.33.58:238][  0]LogConfig: Setting CVar [[r.BloomQuality:5]]
[2020.06.08-04.33.58:238][  0]LogConfig: Setting CVar [[r.FastBlurThreshold:100]]
[2020.06.08-04.33.58:238][  0]LogConfig: Setting CVar [[r.Upscale.Quality:3]]
[2020.06.08-04.33.58:238][  0]LogConfig: Setting CVar [[r.Tonemapper.GrainQuantization:1]]
[2020.06.08-04.33.58:238][  0]LogConfig: Setting CVar [[r.LightShaftQuality:1]]
[2020.06.08-04.33.58:238][  0]LogConfig: Setting CVar [[r.Filter.SizeScale:1]]
[2020.06.08-04.33.58:238][  0]LogConfig: Setting CVar [[r.Tonemapper.Quality:5]]
[2020.06.08-04.33.58:238][  0]LogConfig: Setting CVar [[r.DOF.Gather.AccumulatorQuality:1        ; higher gathering accumulator quality]]
[2020.06.08-04.33.58:238][  0]LogConfig: Setting CVar [[r.DOF.Gather.PostfilterMethod:1          ; Median3x3 postfilering method]]
[2020.06.08-04.33.58:238][  0]LogConfig: Setting CVar [[r.DOF.Gather.EnableBokehSettings:0       ; no bokeh simulation when gathering]]
[2020.06.08-04.33.58:238][  0]LogConfig: Setting CVar [[r.DOF.Gather.RingCount:4                 ; medium number of samples when gathering]]
[2020.06.08-04.33.58:238][  0]LogConfig: Setting CVar [[r.DOF.Scatter.ForegroundCompositing:1    ; additive foreground scattering]]
[2020.06.08-04.33.58:238][  0]LogConfig: Setting CVar [[r.DOF.Scatter.BackgroundCompositing:2    ; additive background scattering]]
[2020.06.08-04.33.58:238][  0]LogConfig: Setting CVar [[r.DOF.Scatter.EnableBokehSettings:1      ; bokeh simulation when scattering]]
[2020.06.08-04.33.58:238][  0]LogConfig: Setting CVar [[r.DOF.Scatter.MaxSpriteRatio:0.1         ; only a maximum of 10% of scattered bokeh]]
[2020.06.08-04.33.58:238][  0]LogConfig: Setting CVar [[r.DOF.Recombine.Quality:1                ; cheap slight out of focus]]
[2020.06.08-04.33.58:238][  0]LogConfig: Setting CVar [[r.DOF.Recombine.EnableBokehSettings:0    ; no bokeh simulation on slight out of focus]]
[2020.06.08-04.33.58:238][  0]LogConfig: Setting CVar [[r.DOF.TemporalAAQuality:1                ; more stable temporal accumulation]]
[2020.06.08-04.33.58:239][  0]LogConfig: Setting CVar [[r.DOF.Kernel.MaxForegroundRadius:0.025]]
[2020.06.08-04.33.58:239][  0]LogConfig: Setting CVar [[r.DOF.Kernel.MaxBackgroundRadius:0.025]]
[2020.06.08-04.33.58:239][  0]LogConfig: Applying CVar settings from Section [TextureQuality@3] File [D:/Bigger GitHub Projects/GitHub/Overheat/Overheat/Saved/Config/Windows/Scalability.ini]
[2020.06.08-04.33.58:239][  0]LogConfig: Setting CVar [[r.Streaming.MipBias:0]]
[2020.06.08-04.33.58:239][  0]LogConfig: Setting CVar [[r.Streaming.AmortizeCPUToGPUCopy:0]]
[2020.06.08-04.33.58:239][  0]LogConfig: Setting CVar [[r.Streaming.MaxNumTexturesToStreamPerFrame:0]]
[2020.06.08-04.33.58:239][  0]LogConfig: Setting CVar [[r.Streaming.Boost:1]]
[2020.06.08-04.33.58:239][  0]LogConfig: Setting CVar [[r.MaxAnisotropy:8]]
[2020.06.08-04.33.58:239][  0]LogConfig: Setting CVar [[r.VT.MaxAnisotropy:8]]
[2020.06.08-04.33.58:239][  0]LogConfig: Setting CVar [[r.Streaming.LimitPoolSizeToVRAM:0]]
[2020.06.08-04.33.58:239][  0]LogConfig: Setting CVar [[r.Streaming.PoolSize:1000]]
[2020.06.08-04.33.58:239][  0]LogConfig: Setting CVar [[r.Streaming.MaxEffectiveScreenSize:0]]
[2020.06.08-04.33.58:239][  0]LogConfig: Applying CVar settings from Section [EffectsQuality@3] File [D:/Bigger GitHub Projects/GitHub/Overheat/Overheat/Saved/Config/Windows/Scalability.ini]
[2020.06.08-04.33.58:239][  0]LogConfig: Setting CVar [[r.TranslucencyLightingVolumeDim:64]]
[2020.06.08-04.33.58:239][  0]LogConfig: Setting CVar [[r.RefractionQuality:2]]
[2020.06.08-04.33.58:239][  0]LogConfig: Setting CVar [[r.SSR.Quality:3]]
[2020.06.08-04.33.58:239][  0]LogConfig: Setting CVar [[r.SSR.HalfResSceneColor:0]]
[2020.06.08-04.33.58:239][  0]LogConfig: Setting CVar [[r.SceneColorFormat:4]]
[2020.06.08-04.33.58:239][  0]LogConfig: Setting CVar [[r.DetailMode:2]]
[2020.06.08-04.33.58:239][  0]LogConfig: Setting CVar [[r.TranslucencyVolumeBlur:1]]
[2020.06.08-04.33.58:239][  0]LogConfig: Setting CVar [[r.MaterialQualityLevel:1 ; High quality]]
[2020.06.08-04.33.58:239][  0]LogConfig: Setting CVar [[r.SSS.Scale:1]]
[2020.06.08-04.33.58:239][  0]LogConfig: Setting CVar [[r.SSS.SampleSet:2]]
[2020.06.08-04.33.58:239][  0]LogConfig: Setting CVar [[r.SSS.Quality:1]]
[2020.06.08-04.33.58:239][  0]LogConfig: Setting CVar [[r.SSS.HalfRes:1]]
[2020.06.08-04.33.58:239][  0]LogConfig: Setting CVar [[r.SSGI.Quality:3]]
[2020.06.08-04.33.58:239][  0]LogConfig: Setting CVar [[r.EmitterSpawnRateScale:1.0]]
[2020.06.08-04.33.58:239][  0]LogConfig: Setting CVar [[r.ParticleLightQuality:2]]
[2020.06.08-04.33.58:239][  0]LogConfig: Setting CVar [[r.SkyAtmosphere.AerialPerspectiveLUT.FastApplyOnOpaque:1 ; Always have FastSkyLUT 1 in this case to avoid wrong sky]]
[2020.06.08-04.33.58:239][  0]LogConfig: Setting CVar [[r.SkyAtmosphere.AerialPerspectiveLUT.SampleCountPerSlice:1]]
[2020.06.08-04.33.58:239][  0]LogConfig: Setting CVar [[r.SkyAtmosphere.AerialPerspectiveLUT.DepthResolution:16.0]]
[2020.06.08-04.33.58:239][  0]LogConfig: Setting CVar [[r.SkyAtmosphere.FastSkyLUT:1]]
[2020.06.08-04.33.58:239][  0]LogConfig: Setting CVar [[r.SkyAtmosphere.FastSkyLUT.SampleCountMin:4.0]]
[2020.06.08-04.33.58:239][  0]LogConfig: Setting CVar [[r.SkyAtmosphere.FastSkyLUT.SampleCountMax:32.0]]
[2020.06.08-04.33.58:239][  0]LogConfig: Setting CVar [[r.SkyAtmosphere.SampleCountMin:4.0]]
[2020.06.08-04.33.58:239][  0]LogConfig: Setting CVar [[r.SkyAtmosphere.SampleCountMax:32.0]]
[2020.06.08-04.33.58:239][  0]LogConfig: Setting CVar [[r.SkyAtmosphere.TransmittanceLUT.UseSmallFormat:0]]
[2020.06.08-04.33.58:239][  0]LogConfig: Setting CVar [[r.SkyAtmosphere.TransmittanceLUT.SampleCount:10.0]]
[2020.06.08-04.33.58:239][  0]LogConfig: Setting CVar [[r.SkyAtmosphere.MultiScatteringLUT.SampleCount:15.0]]
[2020.06.08-04.33.58:239][  0]LogConfig: Applying CVar settings from Section [FoliageQuality@3] File [D:/Bigger GitHub Projects/GitHub/Overheat/Overheat/Saved/Config/Windows/Scalability.ini]
[2020.06.08-04.33.58:239][  0]LogConfig: Setting CVar [[foliage.DensityScale:1.0]]
[2020.06.08-04.33.58:239][  0]LogConfig: Setting CVar [[grass.DensityScale:1.0]]
[2020.06.08-04.33.58:239][  0]LogConfig: Applying CVar settings from Section [ShadingQuality@3] File [D:/Bigger GitHub Projects/GitHub/Overheat/Overheat/Saved/Config/Windows/Scalability.ini]
[2020.06.08-04.33.58:239][  0]LogConfig: Setting CVar [[r.HairStrands.SkyLighting.SampleCount:16]]
[2020.06.08-04.33.58:239][  0]LogConfig: Setting CVar [[r.HairStrands.SkyLighting.JitterIntegration:0]]
[2020.06.08-04.33.58:239][  0]LogConfig: Setting CVar [[r.HairStrands.SkyAO.SampleCount:16]]
[2020.06.08-04.33.58:239][  0]LogInit: Selected Device Profile: [Windows]
[2020.06.08-04.33.58:239][  0]LogInit: Applying CVar settings loaded from the selected device profile: [Windows]
[2020.06.08-04.33.58:241][  0]LogHAL: Display: Platform has ~ 8 GB [8529870848 / 8589934592 / 8], which maps to Default [LargestMinGB=32, LargerMinGB=12, DefaultMinGB=8, SmallerMinGB=6, SmallestMinGB=0)
[2020.06.08-04.33.58:241][  0]LogInit: Going up to parent DeviceProfile []
[2020.06.08-04.33.58:241][  0]LogConfig: Applying CVar settings from Section [ViewDistanceQuality@3] File [D:/Bigger GitHub Projects/GitHub/Overheat/Overheat/Saved/Config/Windows/Scalability.ini]
[2020.06.08-04.33.58:241][  0]LogConfig: Setting CVar [[r.SkeletalMeshLODBias:0]]
[2020.06.08-04.33.58:241][  0]LogConfig: Setting CVar [[r.ViewDistanceScale:1.0]]
[2020.06.08-04.33.58:241][  0]LogConfig: Applying CVar settings from Section [AntiAliasingQuality@3] File [D:/Bigger GitHub Projects/GitHub/Overheat/Overheat/Saved/Config/Windows/Scalability.ini]
[2020.06.08-04.33.58:241][  0]LogConfig: Setting CVar [[r.PostProcessAAQuality:4]]
[2020.06.08-04.33.58:241][  0]LogConfig: Applying CVar settings from Section [ShadowQuality@3] File [D:/Bigger GitHub Projects/GitHub/Overheat/Overheat/Saved/Config/Windows/Scalability.ini]
[2020.06.08-04.33.58:241][  0]LogConfig: Setting CVar [[r.LightFunctionQuality:1]]
[2020.06.08-04.33.58:241][  0]LogConfig: Setting CVar [[r.ShadowQuality:5]]
[2020.06.08-04.33.58:241][  0]LogConfig: Setting CVar [[r.Shadow.CSM.MaxCascades:10]]
[2020.06.08-04.33.58:241][  0]LogConfig: Setting CVar [[r.Shadow.MaxResolution:2048]]
[2020.06.08-04.33.58:241][  0]LogConfig: Setting CVar [[r.Shadow.MaxCSMResolution:2048]]
[2020.06.08-04.33.58:241][  0]LogConfig: Setting CVar [[r.Shadow.RadiusThreshold:0.01]]
[2020.06.08-04.33.58:241][  0]LogConfig: Setting CVar [[r.Shadow.DistanceScale:1.0]]
[2020.06.08-04.33.58:241][  0]LogConfig: Setting CVar [[r.Shadow.CSM.TransitionScale:1.0]]
[2020.06.08-04.33.58:241][  0]LogConfig: Setting CVar [[r.Shadow.PreShadowResolutionFactor:1.0]]
[2020.06.08-04.33.58:241][  0]LogConfig: Setting CVar [[r.DistanceFieldShadowing:1]]
[2020.06.08-04.33.58:242][  0]LogConfig: Setting CVar [[r.DistanceFieldAO:1]]
[2020.06.08-04.33.58:242][  0]LogConfig: Setting CVar [[r.AOQuality:2]]
[2020.06.08-04.33.58:242][  0]LogConfig: Setting CVar [[r.VolumetricFog:1]]
[2020.06.08-04.33.58:242][  0]LogConfig: Setting CVar [[r.VolumetricFog.GridPixelSize:8]]
[2020.06.08-04.33.58:242][  0]LogConfig: Setting CVar [[r.VolumetricFog.GridSizeZ:128]]
[2020.06.08-04.33.58:242][  0]LogConfig: Setting CVar [[r.VolumetricFog.HistoryMissSupersampleCount:4]]
[2020.06.08-04.33.58:242][  0]LogConfig: Setting CVar [[r.LightMaxDrawDistanceScale:1]]
[2020.06.08-04.33.58:242][  0]LogConfig: Setting CVar [[r.CapsuleShadows:1]]
[2020.06.08-04.33.58:242][  0]LogConfig: Applying CVar settings from Section [PostProcessQuality@3] File [D:/Bigger GitHub Projects/GitHub/Overheat/Overheat/Saved/Config/Windows/Scalability.ini]
[2020.06.08-04.33.58:242][  0]LogConfig: Setting CVar [[r.MotionBlurQuality:4]]
[2020.06.08-04.33.58:242][  0]LogConfig: Setting CVar [[r.AmbientOcclusionMipLevelFactor:0.4]]
[2020.06.08-04.33.58:242][  0]LogConfig: Setting CVar [[r.AmbientOcclusionMaxQuality:100]]
[2020.06.08-04.33.58:242][  0]LogConfig: Setting CVar [[r.AmbientOcclusionLevels:-1]]
[2020.06.08-04.33.58:242][  0]LogConfig: Setting CVar [[r.AmbientOcclusionRadiusScale:1.0]]
[2020.06.08-04.33.58:242][  0]LogConfig: Setting CVar [[r.DepthOfFieldQuality:2]]
[2020.06.08-04.33.58:242][  0]LogConfig: Setting CVar [[r.RenderTargetPoolMin:400]]
[2020.06.08-04.33.58:242][  0]LogConfig: Setting CVar [[r.LensFlareQuality:2]]
[2020.06.08-04.33.58:242][  0]LogConfig: Setting CVar [[r.SceneColorFringeQuality:1]]
[2020.06.08-04.33.58:242][  0]LogConfig: Setting CVar [[r.EyeAdaptationQuality:2]]
[2020.06.08-04.33.58:242][  0]LogConfig: Setting CVar [[r.BloomQuality:5]]
[2020.06.08-04.33.58:242][  0]LogConfig: Setting CVar [[r.FastBlurThreshold:100]]
[2020.06.08-04.33.58:242][  0]LogConfig: Setting CVar [[r.Upscale.Quality:3]]
[2020.06.08-04.33.58:242][  0]LogConfig: Setting CVar [[r.Tonemapper.GrainQuantization:1]]
[2020.06.08-04.33.58:242][  0]LogConfig: Setting CVar [[r.LightShaftQuality:1]]
[2020.06.08-04.33.58:242][  0]LogConfig: Setting CVar [[r.Filter.SizeScale:1]]
[2020.06.08-04.33.58:242][  0]LogConfig: Setting CVar [[r.Tonemapper.Quality:5]]
[2020.06.08-04.33.58:242][  0]LogConfig: Setting CVar [[r.DOF.Gather.AccumulatorQuality:1        ; higher gathering accumulator quality]]
[2020.06.08-04.33.58:242][  0]LogConfig: Setting CVar [[r.DOF.Gather.PostfilterMethod:1          ; Median3x3 postfilering method]]
[2020.06.08-04.33.58:242][  0]LogConfig: Setting CVar [[r.DOF.Gather.EnableBokehSettings:0       ; no bokeh simulation when gathering]]
[2020.06.08-04.33.58:242][  0]LogConfig: Setting CVar [[r.DOF.Gather.RingCount:4                 ; medium number of samples when gathering]]
[2020.06.08-04.33.58:242][  0]LogConfig: Setting CVar [[r.DOF.Scatter.ForegroundCompositing:1    ; additive foreground scattering]]
[2020.06.08-04.33.58:242][  0]LogConfig: Setting CVar [[r.DOF.Scatter.BackgroundCompositing:2    ; additive background scattering]]
[2020.06.08-04.33.58:242][  0]LogConfig: Setting CVar [[r.DOF.Scatter.EnableBokehSettings:1      ; bokeh simulation when scattering]]
[2020.06.08-04.33.58:242][  0]LogConfig: Setting CVar [[r.DOF.Scatter.MaxSpriteRatio:0.1         ; only a maximum of 10% of scattered bokeh]]
[2020.06.08-04.33.58:242][  0]LogConfig: Setting CVar [[r.DOF.Recombine.Quality:1                ; cheap slight out of focus]]
[2020.06.08-04.33.58:242][  0]LogConfig: Setting CVar [[r.DOF.Recombine.EnableBokehSettings:0    ; no bokeh simulation on slight out of focus]]
[2020.06.08-04.33.58:242][  0]LogConfig: Setting CVar [[r.DOF.TemporalAAQuality:1                ; more stable temporal accumulation]]
[2020.06.08-04.33.58:242][  0]LogConfig: Setting CVar [[r.DOF.Kernel.MaxForegroundRadius:0.025]]
[2020.06.08-04.33.58:242][  0]LogConfig: Setting CVar [[r.DOF.Kernel.MaxBackgroundRadius:0.025]]
[2020.06.08-04.33.58:242][  0]LogConfig: Applying CVar settings from Section [TextureQuality@3] File [D:/Bigger GitHub Projects/GitHub/Overheat/Overheat/Saved/Config/Windows/Scalability.ini]
[2020.06.08-04.33.58:242][  0]LogConfig: Setting CVar [[r.Streaming.MipBias:0]]
[2020.06.08-04.33.58:242][  0]LogConfig: Setting CVar [[r.Streaming.AmortizeCPUToGPUCopy:0]]
[2020.06.08-04.33.58:242][  0]LogConfig: Setting CVar [[r.Streaming.MaxNumTexturesToStreamPerFrame:0]]
[2020.06.08-04.33.58:242][  0]LogConfig: Setting CVar [[r.Streaming.Boost:1]]
[2020.06.08-04.33.58:242][  0]LogConfig: Setting CVar [[r.MaxAnisotropy:8]]
[2020.06.08-04.33.58:242][  0]LogConfig: Setting CVar [[r.VT.MaxAnisotropy:8]]
[2020.06.08-04.33.58:242][  0]LogConfig: Setting CVar [[r.Streaming.LimitPoolSizeToVRAM:0]]
[2020.06.08-04.33.58:242][  0]LogConfig: Setting CVar [[r.Streaming.PoolSize:1000]]
[2020.06.08-04.33.58:242][  0]LogConfig: Setting CVar [[r.Streaming.MaxEffectiveScreenSize:0]]
[2020.06.08-04.33.58:242][  0]LogConfig: Applying CVar settings from Section [EffectsQuality@3] File [D:/Bigger GitHub Projects/GitHub/Overheat/Overheat/Saved/Config/Windows/Scalability.ini]
[2020.06.08-04.33.58:242][  0]LogConfig: Setting CVar [[r.TranslucencyLightingVolumeDim:64]]
[2020.06.08-04.33.58:242][  0]LogConfig: Setting CVar [[r.RefractionQuality:2]]
[2020.06.08-04.33.58:242][  0]LogConfig: Setting CVar [[r.SSR.Quality:3]]
[2020.06.08-04.33.58:242][  0]LogConfig: Setting CVar [[r.SSR.HalfResSceneColor:0]]
[2020.06.08-04.33.58:242][  0]LogConfig: Setting CVar [[r.SceneColorFormat:4]]
[2020.06.08-04.33.58:242][  0]LogConfig: Setting CVar [[r.DetailMode:2]]
[2020.06.08-04.33.58:242][  0]LogConfig: Setting CVar [[r.TranslucencyVolumeBlur:1]]
[2020.06.08-04.33.58:242][  0]LogConfig: Setting CVar [[r.MaterialQualityLevel:1 ; High quality]]
[2020.06.08-04.33.58:242][  0]LogConfig: Setting CVar [[r.SSS.Scale:1]]
[2020.06.08-04.33.58:242][  0]LogConfig: Setting CVar [[r.SSS.SampleSet:2]]
[2020.06.08-04.33.58:242][  0]LogConfig: Setting CVar [[r.SSS.Quality:1]]
[2020.06.08-04.33.58:242][  0]LogConfig: Setting CVar [[r.SSS.HalfRes:1]]
[2020.06.08-04.33.58:242][  0]LogConfig: Setting CVar [[r.SSGI.Quality:3]]
[2020.06.08-04.33.58:242][  0]LogConfig: Setting CVar [[r.EmitterSpawnRateScale:1.0]]
[2020.06.08-04.33.58:242][  0]LogConfig: Setting CVar [[r.ParticleLightQuality:2]]
[2020.06.08-04.33.58:242][  0]LogConfig: Setting CVar [[r.SkyAtmosphere.AerialPerspectiveLUT.FastApplyOnOpaque:1 ; Always have FastSkyLUT 1 in this case to avoid wrong sky]]
[2020.06.08-04.33.58:242][  0]LogConfig: Setting CVar [[r.SkyAtmosphere.AerialPerspectiveLUT.SampleCountPerSlice:1]]
[2020.06.08-04.33.58:242][  0]LogConfig: Setting CVar [[r.SkyAtmosphere.AerialPerspectiveLUT.DepthResolution:16.0]]
[2020.06.08-04.33.58:242][  0]LogConfig: Setting CVar [[r.SkyAtmosphere.FastSkyLUT:1]]
[2020.06.08-04.33.58:242][  0]LogConfig: Setting CVar [[r.SkyAtmosphere.FastSkyLUT.SampleCountMin:4.0]]
[2020.06.08-04.33.58:242][  0]LogConfig: Setting CVar [[r.SkyAtmosphere.FastSkyLUT.SampleCountMax:32.0]]
[2020.06.08-04.33.58:242][  0]LogConfig: Setting CVar [[r.SkyAtmosphere.SampleCountMin:4.0]]
[2020.06.08-04.33.58:242][  0]LogConfig: Setting CVar [[r.SkyAtmosphere.SampleCountMax:32.0]]
[2020.06.08-04.33.58:242][  0]LogConfig: Setting CVar [[r.SkyAtmosphere.TransmittanceLUT.UseSmallFormat:0]]
[2020.06.08-04.33.58:242][  0]LogConfig: Setting CVar [[r.SkyAtmosphere.TransmittanceLUT.SampleCount:10.0]]
[2020.06.08-04.33.58:242][  0]LogConfig: Setting CVar [[r.SkyAtmosphere.MultiScatteringLUT.SampleCount:15.0]]
[2020.06.08-04.33.58:242][  0]LogConfig: Applying CVar settings from Section [FoliageQuality@3] File [D:/Bigger GitHub Projects/GitHub/Overheat/Overheat/Saved/Config/Windows/Scalability.ini]
[2020.06.08-04.33.58:242][  0]LogConfig: Setting CVar [[foliage.DensityScale:1.0]]
[2020.06.08-04.33.58:242][  0]LogConfig: Setting CVar [[grass.DensityScale:1.0]]
[2020.06.08-04.33.58:243][  0]LogConfig: Applying CVar settings from Section [ShadingQuality@3] File [D:/Bigger GitHub Projects/GitHub/Overheat/Overheat/Saved/Config/Windows/Scalability.ini]
[2020.06.08-04.33.58:243][  0]LogConfig: Setting CVar [[r.HairStrands.SkyLighting.SampleCount:16]]
[2020.06.08-04.33.58:243][  0]LogConfig: Setting CVar [[r.HairStrands.SkyLighting.JitterIntegration:0]]
[2020.06.08-04.33.58:243][  0]LogConfig: Setting CVar [[r.HairStrands.SkyAO.SampleCount:16]]
[2020.06.08-04.33.58:243][  0]LogConfig: Applying CVar settings from Section [Startup] File [../../../Engine/Config/ConsoleVariables.ini]
[2020.06.08-04.33.58:243][  0]LogConfig: Setting CVar [[net.UseAdaptiveNetUpdateFrequency:0]]
[2020.06.08-04.33.58:243][  0]LogConfig: Setting CVar [[p.chaos.AllowCreatePhysxBodies:1]]
[2020.06.08-04.33.58:243][  0]LogConfig: Applying CVar settings from Section [ConsoleVariables] File [D:/Bigger GitHub Projects/GitHub/Overheat/Overheat/Saved/Config/Windows/Engine.ini]
[2020.06.08-04.33.58:243][  0]LogInit: Computer: DESKTOP-IMAANGT
[2020.06.08-04.33.58:243][  0]LogInit: User: DanielOtaigbe
[2020.06.08-04.33.58:243][  0]LogInit: CPU Page size=4096, Cores=4
[2020.06.08-04.33.58:243][  0]LogInit: High frequency timer resolution =10.000000 MHz
[2020.06.08-04.33.58:243][  0]LogMemory: Memory total: Physical=7.9GB (8GB approx)
[2020.06.08-04.33.58:243][  0]LogMemory: Platform Memory Stats for Windows
[2020.06.08-04.33.58:243][  0]LogMemory: Process Physical Memory: 104.66 MB used, 104.66 MB peak
[2020.06.08-04.33.58:243][  0]LogMemory: Process Virtual Memory: 99.78 MB used, 99.78 MB peak
[2020.06.08-04.33.58:243][  0]LogMemory: Physical Memory: 5622.54 MB used,  2512.18 MB free, 8134.72 MB total
[2020.06.08-04.33.58:243][  0]LogMemory: Virtual Memory: 5135.67 MB used,  134212592.00 MB free, 134217728.00 MB total
[2020.06.08-04.33.58:246][  0]LogWindows: WindowsPlatformFeatures enabled
[2020.06.08-04.33.58:264][  0]LogInit: Using OS detected language (en-US).
[2020.06.08-04.33.58:264][  0]LogInit: Using OS detected locale (en-US).
[2020.06.08-04.33.58:265][  0]LogTextLocalizationManager: No specific localization for 'en-US' exists, so the 'en' localization will be used.
[2020.06.08-04.33.58:415][  0]LogInit: Setting process to per monitor DPI aware
[2020.06.08-04.33.58:441][  0]LogSlate: New Slate User Created.  User Index 0, Is Virtual User: 0
[2020.06.08-04.33.58:441][  0]LogSlate: Slate User Registered.  User Index 0, Is Virtual User: 0
[2020.06.08-04.33.58:638][  0]LogHMD: Failed to initialize OpenVR with code 110
[2020.06.08-04.33.58:638][  0]LogD3D11RHI: D3D11 min allowed feature level: 11_0
[2020.06.08-04.33.58:638][  0]LogD3D11RHI: D3D11 max allowed feature level: 11_0
[2020.06.08-04.33.58:638][  0]LogD3D11RHI: D3D11 adapters:
[2020.06.08-04.33.58:717][  0]LogD3D11RHI:    0. 'NVIDIA GeForce GTX 1060 6GB' (Feature Level 11_0)
[2020.06.08-04.33.58:717][  0]LogD3D11RHI:       6052/0/4067 MB DedicatedVideo/DedicatedSystem/SharedSystem, Outputs:2, VendorId:0x10de
[2020.06.08-04.33.58:720][  0]LogD3D11RHI:    1. 'Microsoft Basic Render Driver' (Feature Level 11_0)
[2020.06.08-04.33.58:720][  0]LogD3D11RHI:       0/0/4067 MB DedicatedVideo/DedicatedSystem/SharedSystem, Outputs:0, VendorId:0x1414
[2020.06.08-04.33.58:720][  0]LogD3D11RHI: Chosen D3D11 Adapter: 0
[2020.06.08-04.33.58:729][  0]LogD3D11RHI: Creating new Direct3DDevice
[2020.06.08-04.33.58:729][  0]LogD3D11RHI:     GPU DeviceId: 0x1c03 (for the marketing name, search the web for "GPU Device Id")
[2020.06.08-04.33.58:729][  0]LogWindows: EnumDisplayDevices:
[2020.06.08-04.33.58:729][  0]LogWindows:    0. 'NVIDIA GeForce GTX 1060 6GB' (P:1 D:1)
[2020.06.08-04.33.58:729][  0]LogWindows:    1. 'NVIDIA GeForce GTX 1060 6GB' (P:0 D:1)
[2020.06.08-04.33.58:729][  0]LogWindows:    2. 'NVIDIA GeForce GTX 1060 6GB' (P:0 D:0)
[2020.06.08-04.33.58:730][  0]LogWindows:    3. 'NVIDIA GeForce GTX 1060 6GB' (P:0 D:0)
[2020.06.08-04.33.58:730][  0]LogWindows: DebugString: FoundDriverCount:4 
[2020.06.08-04.33.58:730][  0]LogD3D11RHI:     Adapter Name: NVIDIA GeForce GTX 1060 6GB
[2020.06.08-04.33.58:730][  0]LogD3D11RHI:   Driver Version: 445.75 (internal:26.21.14.4575, unified:445.75)
[2020.06.08-04.33.58:730][  0]LogD3D11RHI:      Driver Date: 3-17-2020
[2020.06.08-04.33.58:730][  0]LogRHI: Texture pool is 4236 MB (70% of 6052 MB)
[2020.06.08-04.33.58:770][  0]LogD3D11RHI: RHI has support for 64 bit atomics
[2020.06.08-04.33.58:770][  0]LogD3D11RHI: Async texture creation enabled
[2020.06.08-04.33.58:784][  0]LogD3D11RHI: GPU Timing Frequency: 1000.000000 (Debug: 2 1)
[2020.06.08-04.33.59:122][  0]LogTargetPlatformManager: Display: Loaded TargetPlatform 'AllDesktop'
[2020.06.08-04.33.59:152][  0]LogTargetPlatformManager: Display: Loaded TargetPlatform 'Android'
[2020.06.08-04.33.59:152][  0]LogTargetPlatformManager: Display: Loaded TargetPlatform 'Android_ASTC'
[2020.06.08-04.33.59:152][  0]LogTargetPlatformManager: Display: Loaded TargetPlatform 'Android_ATC'
[2020.06.08-04.33.59:152][  0]LogTargetPlatformManager: Display: Loaded TargetPlatform 'Android_DXT'
[2020.06.08-04.33.59:152][  0]LogTargetPlatformManager: Display: Loaded TargetPlatform 'Android_ETC1'
[2020.06.08-04.33.59:152][  0]LogTargetPlatformManager: Display: Loaded TargetPlatform 'Android_ETC1a'
[2020.06.08-04.33.59:152][  0]LogTargetPlatformManager: Display: Loaded TargetPlatform 'Android_ETC2'
[2020.06.08-04.33.59:152][  0]LogTargetPlatformManager: Display: Loaded TargetPlatform 'Android_PVRTC'
[2020.06.08-04.33.59:152][  0]LogTargetPlatformManager: Display: Loaded TargetPlatform 'AndroidClient'
[2020.06.08-04.33.59:152][  0]LogTargetPlatformManager: Display: Loaded TargetPlatform 'Android_ASTCClient'
[2020.06.08-04.33.59:152][  0]LogTargetPlatformManager: Display: Loaded TargetPlatform 'Android_ATCClient'
[2020.06.08-04.33.59:152][  0]LogTargetPlatformManager: Display: Loaded TargetPlatform 'Android_DXTClient'
[2020.06.08-04.33.59:152][  0]LogTargetPlatformManager: Display: Loaded TargetPlatform 'Android_ETC1Client'
[2020.06.08-04.33.59:152][  0]LogTargetPlatformManager: Display: Loaded TargetPlatform 'Android_ETC1aClient'
[2020.06.08-04.33.59:152][  0]LogTargetPlatformManager: Display: Loaded TargetPlatform 'Android_ETC2Client'
[2020.06.08-04.33.59:152][  0]LogTargetPlatformManager: Display: Loaded TargetPlatform 'Android_PVRTCClient'
[2020.06.08-04.33.59:152][  0]LogTargetPlatformManager: Display: Loaded TargetPlatform 'Android_Multi'
[2020.06.08-04.33.59:152][  0]LogTargetPlatformManager: Display: Loaded TargetPlatform 'Android_MultiClient'
[2020.06.08-04.33.59:168][  0]LogTargetPlatformManager: Display: Loaded TargetPlatform 'IOSClient'
[2020.06.08-04.33.59:168][  0]LogTargetPlatformManager: Display: Loaded TargetPlatform 'IOS'
[2020.06.08-04.33.59:174][  0]LogTargetPlatformManager: Display: Loaded TargetPlatform 'LinuxNoEditor'
[2020.06.08-04.33.59:181][  0]LogTargetPlatformManager: Display: Loaded TargetPlatform 'LinuxClient'
[2020.06.08-04.33.59:187][  0]LogTargetPlatformManager: Display: Loaded TargetPlatform 'LinuxServer'
[2020.06.08-04.33.59:193][  0]LogTargetPlatformManager: Display: Loaded TargetPlatform 'LinuxAArch64NoEditor'
[2020.06.08-04.33.59:200][  0]LogTargetPlatformManager: Display: Loaded TargetPlatform 'LinuxAArch64Client'
[2020.06.08-04.33.59:206][  0]LogTargetPlatformManager: Display: Loaded TargetPlatform 'LinuxAArch64Server'
[2020.06.08-04.33.59:226][  0]LogTargetPlatformManager: Display: Loaded TargetPlatform 'Lumin'
[2020.06.08-04.33.59:226][  0]LogTargetPlatformManager: Display: Loaded TargetPlatform 'LuminClient'
[2020.06.08-04.33.59:238][  0]LogTargetPlatformManager: Display: Loaded TargetPlatform 'TVOSClient'
[2020.06.08-04.33.59:238][  0]LogTargetPlatformManager: Display: Loaded TargetPlatform 'TVOS'
[2020.06.08-04.33.59:244][  0]LogTargetPlatformManager: Display: Loaded TargetPlatform 'WindowsNoEditor'
[2020.06.08-04.33.59:251][  0]LogTargetPlatformManager: Display: Loaded TargetPlatform 'Windows'
[2020.06.08-04.33.59:257][  0]LogTargetPlatformManager: Display: Loaded TargetPlatform 'WindowsClient'
[2020.06.08-04.33.59:264][  0]LogTargetPlatformManager: Display: Loaded TargetPlatform 'WindowsServer'
[2020.06.08-04.33.59:264][  0]LogTargetPlatformManager: Display: Building Assets For Windows
[2020.06.08-04.33.59:267][  0]LogAudioDebug: Display: Lib vorbis DLL was dynamically loaded.
[2020.06.08-04.33.59:287][  0]LogShaderCompilers: Guid format shader working directory is 4 characters bigger than the processId version (D:/Bigger GitHub Projects/GitHub/Overheat/Overheat/Intermediate/Shaders/WorkingDirectory/28424/).
[2020.06.08-04.33.59:287][  0]LogShaderCompilers: Cleaned the shader compiler working directory 'C:/Users/Daniel Otaigbe/AppData/Local/Temp/UnrealShaderWorkingDir/DF8BB4784B23E65A8CD13BBDC1F1562D/'.
[2020.06.08-04.33.59:288][  0]LogXGEController: Cannot use XGE Controller as Incredibuild is not installed on this machine.
[2020.06.08-04.33.59:288][  0]LogShaderCompilers: Cannot use XGE Shader Compiler as Incredibuild is not installed on this machine.
[2020.06.08-04.33.59:288][  0]LogShaderCompilers: Display: Using Local Shader Compiler.
[2020.06.08-04.34.00:096][  0]LogDerivedDataCache: Display: Max Cache Size: 512 MB
[2020.06.08-04.34.00:195][  0]LogDerivedDataCache: Loaded boot cache 0.10s 165MB C:/Users/Daniel Otaigbe/AppData/Local/UnrealEngine/4.24/DerivedDataCache/Boot.ddc.
[2020.06.08-04.34.00:195][  0]LogDerivedDataCache: Display: Loaded Boot cache: C:/Users/Daniel Otaigbe/AppData/Local/UnrealEngine/4.24/DerivedDataCache/Boot.ddc
[2020.06.08-04.34.00:195][  0]LogDerivedDataCache: FDerivedDataBackendGraph:  Pak pak cache file D:/Bigger GitHub Projects/GitHub/Overheat/Overheat/DerivedDataCache/DDC.ddp not found, will not use a pak cache.
[2020.06.08-04.34.00:195][  0]LogDerivedDataCache: Unable to find inner node Pak for hierarchical cache Hierarchy.
[2020.06.08-04.34.00:195][  0]LogDerivedDataCache: FDerivedDataBackendGraph:  CompressedPak pak cache file D:/Bigger GitHub Projects/GitHub/Overheat/Overheat/DerivedDataCache/Compressed.ddp not found, will not use a pak cache.
[2020.06.08-04.34.00:195][  0]LogDerivedDataCache: Unable to find inner node CompressedPak for hierarchical cache Hierarchy.
[2020.06.08-04.34.00:205][  0]LogDerivedDataCache: Display: Pak cache opened for reading ../../../Engine/DerivedDataCache/Compressed.ddp.
[2020.06.08-04.34.00:205][  0]LogDerivedDataCache: FDerivedDataBackendGraph:  EnterprisePak pak cache file ../../../Enterprise/DerivedDataCache/Compressed.ddp not found, will not use a pak cache.
[2020.06.08-04.34.00:205][  0]LogDerivedDataCache: Unable to find inner node EnterprisePak for hierarchical cache Hierarchy.
[2020.06.08-04.34.00:206][  0]LogDerivedDataCache: Using Local data cache path C:/Users/Daniel Otaigbe/AppData/Local/UnrealEngine/Common/DerivedDataCache: Writable
[2020.06.08-04.34.00:206][  0]LogDerivedDataCache: Shared data cache path not found in *engine.ini, will not use an Shared cache.
[2020.06.08-04.34.00:206][  0]LogDerivedDataCache: Unable to find inner node Shared for hierarchical cache Hierarchy.
[2020.06.08-04.34.00:231][  0]LogMaterial: Verifying Global Shaders for PCD3D_SM5
[2020.06.08-04.34.00:233][  0]LogSlate: Using FreeType 2.10.0
[2020.06.08-04.34.00:234][  0]LogSlate: SlateFontServices - WITH_FREETYPE: 1, WITH_HARFBUZZ: 1
[2020.06.08-04.34.00:279][  0]LogAssetRegistry: FAssetRegistry took 0.0023 seconds to start up
[2020.06.08-04.34.00:538][  0]LogInit: Selected Device Profile: [Windows]
[2020.06.08-04.34.00:682][  0]LogMeshReduction: Using QuadricMeshReduction for automatic static mesh reduction
[2020.06.08-04.34.00:682][  0]LogMeshReduction: Using SimplygonMeshReduction for automatic skeletal mesh reduction
[2020.06.08-04.34.00:682][  0]LogMeshReduction: Using ProxyLODMeshReduction for automatic mesh merging
[2020.06.08-04.34.00:682][  0]LogMeshReduction: No distributed automatic mesh merging module available
[2020.06.08-04.34.00:682][  0]LogMeshMerging: No distributed automatic mesh merging module available
[2020.06.08-04.34.00:695][  0]LogNetVersion: Overheat 1.0.0, NetCL: 10570792, EngineNetVer: 13, GameNetVer: 0 (Checksum: 958911552)
[2020.06.08-04.34.01:704][  0]LogPackageLocalizationCache: Processed 10 localized package path(s) for 1 prioritized culture(s) in 0.051766 seconds
[2020.06.08-04.34.01:711][  0]LogUObjectArray: 46750 objects as part of root set at end of initial load.
[2020.06.08-04.34.01:711][  0]LogUObjectAllocator: 8137160 out of 0 bytes used by permanent object pool.
[2020.06.08-04.34.01:711][  0]LogUObjectArray: CloseDisregardForGC: 0/0 objects in disregard for GC pool
[2020.06.08-04.34.02:077][  0]LogTcpMessaging: Initializing TcpMessaging bridge
[2020.06.08-04.34.02:080][  0]LogUdpMessaging: Initializing bridge on interface 0.0.0.0:0 to multicast group 230.0.0.1:6666.
[2020.06.08-04.34.06:310][  0]SourceControl: Source control is disabled
[2020.06.08-04.34.07:014][  0]LogAndroidPermission: UAndroidPermissionCallbackProxy::GetInstance
[2020.06.08-04.34.07:025][  0]LogAudioCaptureCore: Display: No Audio Capture implementations found. Audio input will be silent.
[2020.06.08-04.34.07:025][  0]LogAudioCaptureCore: Display: No Audio Capture implementations found. Audio input will be silent.
[2020.06.08-04.34.07:104][  0]LogOcInput: OculusInput pre-init called
[2020.06.08-04.34.07:111][  0]LogWindows: Failed to load 'OVRPlugin.dll' (GetLastError=126)
[2020.06.08-04.34.07:111][  0]LogWindows: File 'OVRPlugin.dll' does not exist
[2020.06.08-04.34.07:173][  0]LogEngine: Initializing Engine...
[2020.06.08-04.34.07:174][  0]LogHMD: Failed to initialize OpenVR with code 110
[2020.06.08-04.34.07:175][  0]LogStats: UGameplayTagsManager::InitializeManager -  0.000 s
[2020.06.08-04.34.07:493][  0]LogInit: Initializing FReadOnlyCVARCache
[2020.06.08-04.34.07:499][  0]LogAIModule: Creating AISystem for world Untitled
[2020.06.08-04.34.07:519][  0]LogAudioMixer: Display: Audio Mixer Platform Settings:
[2020.06.08-04.34.07:519][  0]LogAudioMixer: Display: 	Sample Rate:						  48000
[2020.06.08-04.34.07:519][  0]LogAudioMixer: Display: 	Callback Buffer Frame Size Requested: 1024
[2020.06.08-04.34.07:519][  0]LogAudioMixer: Display: 	Callback Buffer Frame Size To Use:	  1024
[2020.06.08-04.34.07:519][  0]LogAudioMixer: Display: 	Number of buffers to queue:			  2
[2020.06.08-04.34.07:519][  0]LogAudioMixer: Display: 	Max Channels (voices):				  32
[2020.06.08-04.34.07:519][  0]LogAudioMixer: Display: 	Number of Async Source Workers:		  0
[2020.06.08-04.34.07:519][  0]LogAudio: Display: AudioDevice MaxSources: 32
[2020.06.08-04.34.07:520][  0]LogAudio: Display: Using built-in audio occlusion.
[2020.06.08-04.34.07:520][  0]LogAudioMixer: Display: Initializing audio mixer.
[2020.06.08-04.34.07:559][  0]LogAudioMixer: Display: Audio Device Output Speaker Info:
[2020.06.08-04.34.07:559][  0]LogAudioMixer: Display: Name: Headset Earphone (2- Razer Kraken 7.1 Chroma)
[2020.06.08-04.34.07:559][  0]LogAudioMixer: Display: Is Default: Yes
[2020.06.08-04.34.07:559][  0]LogAudioMixer: Display: Sample Rate: 44100
[2020.06.08-04.34.07:559][  0]LogAudioMixer: Display: Channel Count Used: 2
[2020.06.08-04.34.07:559][  0]LogAudioMixer: Display: Device Channel Count: 2
[2020.06.08-04.34.07:559][  0]LogAudioMixer: Display: Channel Order:
[2020.06.08-04.34.07:559][  0]LogAudioMixer: Display: 0: FrontLeft
[2020.06.08-04.34.07:559][  0]LogAudioMixer: Display: 1: FrontRight
[2020.06.08-04.34.07:581][  0]LogAudioMixer: Display: Using Audio Device Headset Earphone (2- Razer Kraken 7.1 Chroma)
[2020.06.08-04.34.07:583][  0]LogInit: FAudioDevice initialized.
[2020.06.08-04.34.07:583][  0]LogNetVersion: Set ProjectVersion to 1.0.0.0. Version Checksum will be recalculated on next use.
[2020.06.08-04.34.07:746][  0]LogDerivedDataCache: Saved boot cache 0.16s 165MB C:/Users/Daniel Otaigbe/AppData/Local/UnrealEngine/4.24/DerivedDataCache/Boot.ddc.
[2020.06.08-04.34.07:770][  0]LogInit: Texture streaming: Enabled
[2020.06.08-04.34.07:779][  0]LogEngineSessionManager: EngineSessionManager initialized
[2020.06.08-04.34.07:779][  0]LogEditorSessionSummary: Verbose: Initializing EditorSessionSummaryWriter for editor session tracking
[2020.06.08-04.34.07:781][  0]LogEditorSessionSummary: EditorSessionSummaryWriter initialized
[2020.06.08-04.34.07:852][  0]LogInit: Transaction tracking system initialized
[2020.06.08-04.34.07:861][  0]BlueprintLog: New page: Editor Load
[2020.06.08-04.34.07:892][  0]LocalizationService: Localization service is disabled
[2020.06.08-04.34.07:924][  0]LogLinker: Warning: Failed to load '/Game/ThirdPersonBP/ThirdPersonOverview': Can't find file.
[2020.06.08-04.34.07:924][  0]LogLinker: Warning: Failed to load '/Game/ThirdPersonBP/ThirdPersonOverview': Can't find file.
[2020.06.08-04.34.07:924][  0]LogUObjectGlobals: Warning: Failed to find object 'Class /Game/ThirdPersonBP/ThirdPersonOverview.ThirdPersonOverview_C'
[2020.06.08-04.34.08:151][  0]LogFileCache: Scanning file cache for directory 'D:/Bigger GitHub Projects/GitHub/Overheat/Overheat/Content/' took 0.01s
[2020.06.08-04.34.08:151][  0]LogCook: Display: Max memory allowance for cook 16384mb min free memory 0mb
[2020.06.08-04.34.08:151][  0]LogCook: Display: Mobile HDR setting 1
[2020.06.08-04.34.08:812][  0]Cmd: MAP LOAD FILE="D:/Bigger GitHub Projects/GitHub/Overheat/Overheat/Content/ThirdPersonCPP/Maps/ThirdPersonExampleMap.umap" TEMPLATE=0 SHOWPROGRESS=1 FEATURELEVEL=3
[2020.06.08-04.34.08:812][  0]LightingResults: New page: Lighting Build
[2020.06.08-04.34.08:812][  0]LogWorld: UWorld::CleanupWorld for Untitled, bSessionEnded=true, bCleanupResources=true
[2020.06.08-04.34.08:813][  0]LogSlate: InvalidateAllWidgets triggered.  All widgets were invalidated
[2020.06.08-04.34.08:813][  0]MapCheck: New page: Map Check
[2020.06.08-04.34.08:813][  0]LightingResults: New page: Lighting Build
[2020.06.08-04.34.08:840][  0]LogUObjectHash: Compacting FUObjectHashTables data took   1.97ms
[2020.06.08-04.34.09:422][  0]LogAIModule: Creating AISystem for world ThirdPersonExampleMap
[2020.06.08-04.34.09:434][  0]LogEditorServer: Finished looking for orphan Actors (0.000 secs)
[2020.06.08-04.34.09:460][  0]LogUObjectHash: Compacting FUObjectHashTables data took   2.10ms
[2020.06.08-04.34.09:461][  0]Cmd: MAP CHECKDEP NOCLEARLOG
[2020.06.08-04.34.09:461][  0]MapCheck: Map check complete: 0 Error(s), 0 Warning(s), took 0.09ms to complete.
[2020.06.08-04.34.09:461][  0]LogFileHelpers: Loading map 'ThirdPersonExampleMap' took 0.649
[2020.06.08-04.34.10:053][  0]LogSlate: Updating window title bar state: overlay mode, drag disabled, window buttons hidden, title bar hidden
[2020.06.08-04.34.10:060][  0]LogSlate: Updating window title bar state: overlay mode, drag disabled, window buttons hidden, title bar hidden
[2020.06.08-04.34.10:067][  0]LogSlate: Updating window title bar state: overlay mode, drag disabled, window buttons hidden, title bar hidden
[2020.06.08-04.34.10:074][  0]LogSlate: Updating window title bar state: overlay mode, drag disabled, window buttons hidden, title bar hidden
[2020.06.08-04.34.10:096][  0]LogCollectionManager: Loaded 0 collections in 0.001569 seconds
[2020.06.08-04.34.10:128][  0]LogFileCache: Scanning file cache for directory 'D:/Bigger GitHub Projects/GitHub/Overheat/Overheat/Saved/Collections/' took 0.00s
[2020.06.08-04.34.10:128][  0]LogFileCache: Scanning file cache for directory 'D:/Bigger GitHub Projects/GitHub/Overheat/Overheat/Content/Developers/DanielOtaigbe/Collections/' took 0.00s
[2020.06.08-04.34.10:128][  0]LogFileCache: Scanning file cache for directory 'D:/Bigger GitHub Projects/GitHub/Overheat/Overheat/Content/Collections/' took 0.00s
[2020.06.08-04.34.10:128][  0]LogContentBrowser: Native class hierarchy populated in 0.0104 seconds. Added 3018 classes and 719 folders.
[2020.06.08-04.34.10:143][  0]LogContentBrowser: Native class hierarchy updated for 'WidgetCarousel' in 0.0003 seconds. Added 0 classes and 0 folders.
[2020.06.08-04.34.10:684][  0]LogContentBrowser: Native class hierarchy updated for 'AddContentDialog' in 0.0003 seconds. Added 0 classes and 0 folders.
[2020.06.08-04.34.10:697][  0]LogContentBrowser: Native class hierarchy updated for 'SceneOutliner' in 0.0004 seconds. Added 2 classes and 3 folders.
[2020.06.08-04.34.10:912][  0]LogSlate: Took 0.000150 seconds to synchronously load lazily loaded font '../../../Engine/Content/Slate/Fonts/Roboto-Regular.ttf' (155K)
[2020.06.08-04.34.10:914][  0]LogSlate: Took 0.000155 seconds to synchronously load lazily loaded font '../../../Engine/Content/Slate/Fonts/Roboto-Bold.ttf' (160K)
[2020.06.08-04.34.10:927][  0]LogSlate: Took 0.009699 seconds to synchronously load lazily loaded font '../../../Engine/Content/Editor/Slate/Fonts/FontAwesome.ttf' (139K)
[2020.06.08-04.34.11:088][  0]LogRenderer: Reallocating scene render targets to support 1208x572 Format 10 NumSamples 1 (Frame:1).
[2020.06.08-04.34.11:186][  0]LogContentBrowser: Native class hierarchy updated for 'HierarchicalLODOutliner' in 0.0003 seconds. Added 0 classes and 0 folders.
[2020.06.08-04.34.11:186][  0]LogLoad: (Engine Initialization) Total time: 14.25 seconds
[2020.06.08-04.34.11:186][  0]LogLoad: (Engine Initialization) Total Blueprint compile time: 0.00 seconds
[2020.06.08-04.34.11:285][  0]LogContentStreaming: Texture pool size now 1000 MB
[2020.06.08-04.34.11:314][  0]LogSlate: Took 0.007649 seconds to synchronously load lazily loaded font '../../../Engine/Content/Slate/Fonts/Roboto-Light.ttf' (167K)
[2020.06.08-04.34.11:683][  6]LogAssetRegistry: Asset discovery search completed in 11.4048 seconds
[2020.06.08-04.34.11:686][  6]LogCollectionManager: Fixed up redirectors for 0 collections in 0.000007 seconds (updated 0 objects)
[2020.06.08-04.34.12:225][ 26]LogSlate: Took 0.000125 seconds to synchronously load lazily loaded font '../../../Engine/Content/Slate/Fonts/Roboto-Light.ttf' (167K)
[2020.06.08-04.35.09:199][ 60]LogAssetEditorSubsystem: Opening Asset editor for AnimBlueprint /Game/Blueprints/AnimationBlueprints/ShinbiAnimBP.ShinbiAnimBP
[2020.06.08-04.35.09:218][ 60]LogContentBrowser: Native class hierarchy updated for 'SkeletonEditor' in 0.0003 seconds. Added 1 classes and 2 folders.
[2020.06.08-04.35.09:518][ 60]LogActorComponent: RegisterComponentWithWorld: (/Engine/Transient.World_1:PersistentLevel.AnimationEditorPreviewActor_0.DebugSkelMeshComponent_0) Already registered. Aborting.
[2020.06.08-04.35.09:524][ 60]LogContentBrowser: Native class hierarchy updated for 'PinnedCommandList' in 0.0003 seconds. Added 1 classes and 0 folders.
[2020.06.08-04.35.09:738][ 60]LogContentBrowser: Native class hierarchy updated for 'BlueprintGraph' in 0.0005 seconds. Added 121 classes and 0 folders.
[2020.06.08-04.35.10:521][ 60]LogSkeletalMesh: USkeletalMeshComponent::InitArticulated : Bodies already created (/Engine/Transient.World_1:PersistentLevel.AnimationEditorPreviewActor_0.DebugSkelMeshComponent_0) - call TermArticulated first.
[2020.06.08-04.35.10:824][ 60]LogAssetEditorSubsystem: Opening Asset editor for Blueprint /Game/Blueprints/PlayerBlueprint.PlayerBlueprint
[2020.06.08-04.35.11:180][ 60]LogAssetEditorSubsystem: Opening Asset editor for WidgetBlueprint /Game/Blueprints/PlayerHUD.PlayerHUD
[2020.06.08-04.35.11:560][ 60]LogAssetEditorSubsystem: Opening Asset editor for Blueprint /Game/Blueprints/HitboxActorBP.HitboxActorBP
[2020.06.08-04.35.11:845][ 60]LogAssetEditorSubsystem: Opening Asset editor for Blueprint /Game/Blueprints/DefaultGameModeBlueprint.DefaultGameModeBlueprint
[2020.06.08-04.35.12:506][ 60]LogSlate: Took 0.000162 seconds to synchronously load lazily loaded font '../../../Engine/Content/Slate/Fonts/Roboto-BoldCondensed.ttf' (158K)
[2020.06.08-04.35.12:645][ 61]LogSlate: Took 0.005977 seconds to synchronously load lazily loaded font '../../../Engine/Content/Slate/Fonts/Roboto-Italic.ttf' (157K)
[2020.06.08-04.35.19:370][519]LogContentBrowser: Native class hierarchy updated for 'ClothingSystemEditorInterface' in 0.0003 seconds. Added 1 classes and 0 folders.
[2020.06.08-04.35.27:423][983]LogSlate: Window 'DefaultGameModeBlueprint' being destroyed
[2020.06.08-04.36.03:932][197]LogWorld: UWorld::CleanupWorld for World_3, bSessionEnded=true, bCleanupResources=true
[2020.06.08-04.36.03:932][197]LogSlate: InvalidateAllWidgets triggered.  All widgets were invalidated
[2020.06.08-04.36.03:995][197]LogAssetEditorSubsystem: Opening Asset editor for Blueprint /Game/Blueprints/PlayerBlueprint.PlayerBlueprint
[2020.06.08-04.37.42:420][ 80]LogEditorTransaction: Undo Move Nodes
[2020.06.08-04.37.42:500][ 80]LogActorComponent: RegisterComponentWithWorld: (/Engine/Transient.World_1:PersistentLevel.AnimationEditorPreviewActor_0.DebugSkelMeshComponent_0) Already registered. Aborting.
[2020.06.08-04.39.11:341][879]BlueprintLog: New page: Compile DefaultGameModeBlueprint
[2020.06.08-04.39.11:743][879]LogUObjectHash: Compacting FUObjectHashTables data took   5.37ms
[2020.06.08-04.39.12:748][961]Cmd: OBJ SAVEPACKAGE PACKAGE="/Game/Blueprints/DefaultGameModeBlueprint" FILE="D:/Bigger GitHub Projects/GitHub/Overheat/Overheat/Content/Blueprints/DefaultGameModeBlueprint.uasset" SILENT=true
[2020.06.08-04.39.12:850][961]LogSavePackage: Moving 'D:/Bigger GitHub Projects/GitHub/Overheat/Overheat/Saved/DefaultGameModeBlueprint27D743304689F6702B69228361D64A52.tmp' to 'D:/Bigger GitHub Projects/GitHub/Overheat/Overheat/Content/Blueprints/DefaultGameModeBlueprint.uasset'
[2020.06.08-04.39.12:876][961]AssetCheck: New page: Asset Save: DefaultGameModeBlueprint
[2020.06.08-04.39.12:876][961]LogContentValidation: Display: Validating Blueprint /Game/Blueprints/DefaultGameModeBlueprint.DefaultGameModeBlueprint
[2020.06.08-04.39.19:210][614]LogTemp: Repeating last play command: New Editor Window (PIE)
[2020.06.08-04.39.19:237][614]LogBlueprintUserMessages: Early PlayInEditor Detection: Level '/Game/ThirdPersonCPP/Maps/ThirdPersonExampleMap.ThirdPersonExampleMap:PersistentLevel' has LevelScriptBlueprint '/Game/ThirdPersonCPP/Maps/ThirdPersonExampleMap.ThirdPersonExampleMap:PersistentLevel.ThirdPersonExampleMap' with GeneratedClass '/Game/ThirdPersonCPP/Maps/ThirdPersonExampleMap.ThirdPersonExampleMap_C' with ClassGeneratedBy '/Game/ThirdPersonCPP/Maps/ThirdPersonExampleMap.ThirdPersonExampleMap:PersistentLevel.ThirdPersonExampleMap'
[2020.06.08-04.39.19:237][614]LogPlayLevel: PlayLevel: No blueprints needed recompiling
[2020.06.08-04.39.19:241][614]PIE: New page: PIE session: ThirdPersonExampleMap (Jun 7, 2020, 6:39:19 PM)
[2020.06.08-04.39.19:242][614]LogOnline: OSS: Creating online subsystem instance for: NULL
[2020.06.08-04.39.19:243][614]LogOnline: OSS: TryLoadSubsystemAndSetDefault: Loaded subsystem for module [NULL]
[2020.06.08-04.39.19:243][614]LogPlayLevel: Creating play world package: /Game/ThirdPersonCPP/Maps/UEDPIE_0_ThirdPersonExampleMap
[2020.06.08-04.39.19:258][614]LogPlayLevel: PIE: StaticDuplicateObject took: (0.014787s)
[2020.06.08-04.39.19:259][614]LogAIModule: Creating AISystem for world ThirdPersonExampleMap
[2020.06.08-04.39.19:259][614]LogPlayLevel: PIE: World Init took: (0.001828s)
[2020.06.08-04.39.19:260][614]LogPlayLevel: PIE: Created PIE world by copying editor world from /Game/ThirdPersonCPP/Maps/ThirdPersonExampleMap.ThirdPersonExampleMap to /Game/ThirdPersonCPP/Maps/UEDPIE_0_ThirdPersonExampleMap.ThirdPersonExampleMap (0.016851s)
[2020.06.08-04.39.19:319][614]LogUObjectHash: Compacting FUObjectHashTables data took   4.15ms
[2020.06.08-04.39.19:320][614]LogAudioMixer: Display: Audio Mixer Platform Settings:
[2020.06.08-04.39.19:320][614]LogAudioMixer: Display: 	Sample Rate:						  48000
[2020.06.08-04.39.19:320][614]LogAudioMixer: Display: 	Callback Buffer Frame Size Requested: 1024
[2020.06.08-04.39.19:320][614]LogAudioMixer: Display: 	Callback Buffer Frame Size To Use:	  1024
[2020.06.08-04.39.19:320][614]LogAudioMixer: Display: 	Number of buffers to queue:			  2
[2020.06.08-04.39.19:320][614]LogAudioMixer: Display: 	Max Channels (voices):				  32
[2020.06.08-04.39.19:320][614]LogAudioMixer: Display: 	Number of Async Source Workers:		  0
[2020.06.08-04.39.19:320][614]LogAudio: Display: AudioDevice MaxSources: 32
[2020.06.08-04.39.19:321][614]LogAudio: Display: Using built-in audio occlusion.
[2020.06.08-04.39.19:321][614]LogAudioMixer: Display: Initializing audio mixer.
[2020.06.08-04.39.19:358][614]LogAudioMixer: Display: Audio Device Output Speaker Info:
[2020.06.08-04.39.19:358][614]LogAudioMixer: Display: Name: Headset Earphone (2- Razer Kraken 7.1 Chroma)
[2020.06.08-04.39.19:358][614]LogAudioMixer: Display: Is Default: Yes
[2020.06.08-04.39.19:358][614]LogAudioMixer: Display: Sample Rate: 44100
[2020.06.08-04.39.19:358][614]LogAudioMixer: Display: Channel Count Used: 2
[2020.06.08-04.39.19:358][614]LogAudioMixer: Display: Device Channel Count: 2
[2020.06.08-04.39.19:358][614]LogAudioMixer: Display: Channel Order:
[2020.06.08-04.39.19:358][614]LogAudioMixer: Display: 0: FrontLeft
[2020.06.08-04.39.19:358][614]LogAudioMixer: Display: 1: FrontRight
[2020.06.08-04.39.19:372][614]LogAudioMixer: Display: Using Audio Device Headset Earphone (2- Razer Kraken 7.1 Chroma)
[2020.06.08-04.39.19:373][614]LogInit: FAudioDevice initialized.
[2020.06.08-04.39.19:398][614]LogSlate: Updating window title bar state: overlay mode, drag disabled, window buttons hidden, title bar hidden
[2020.06.08-04.39.19:400][614]LogLoad: Game class is 'DefaultGameModeBlueprint_C'
[2020.06.08-04.39.19:407][614]LogWorld: Bringing World /Game/ThirdPersonCPP/Maps/UEDPIE_0_ThirdPersonExampleMap.ThirdPersonExampleMap up for play (max tick rate 0) at 2020.06.07-23.39.19
[2020.06.08-04.39.19:408][614]LogWorld: Bringing up level for play took: 0.006946
[2020.06.08-04.39.19:408][614]LogOnline: OSS: Creating online subsystem instance for: :Context_15
[2020.06.08-04.39.19:416][614]LogContentBrowser: Native class hierarchy updated for 'MovieSceneCapture' in 0.0004 seconds. Added 20 classes and 0 folders.
[2020.06.08-04.39.19:435][614]PIE: Play in editor start time for /Game/ThirdPersonCPP/Maps/UEDPIE_0_ThirdPersonExampleMap 0.054
[2020.06.08-04.39.19:435][614]LogBlueprintUserMessages: Late PlayInEditor Detection: Level '/Game/ThirdPersonCPP/Maps/ThirdPersonExampleMap.ThirdPersonExampleMap:PersistentLevel' has LevelScriptBlueprint '/Game/ThirdPersonCPP/Maps/ThirdPersonExampleMap.ThirdPersonExampleMap:PersistentLevel.ThirdPersonExampleMap' with GeneratedClass '/Game/ThirdPersonCPP/Maps/ThirdPersonExampleMap.ThirdPersonExampleMap_C' with ClassGeneratedBy '/Game/ThirdPersonCPP/Maps/ThirdPersonExampleMap.ThirdPersonExampleMap:PersistentLevel.ThirdPersonExampleMap'
[2020.06.08-04.39.19:497][615]LogRenderer: Reallocating scene render targets to support 1280x720 Format 10 NumSamples 1 (Frame:1).
[2020.06.08-04.39.20:379][658]LogTemp: Warning: Heavy attack!
[2020.06.08-04.39.22:997][845]LogTemp: Warning: Light attack!
[2020.06.08-04.39.23:628][890]LogTemp: Warning: Light attack!
[2020.06.08-04.39.24:357][942]LogTemp: Warning: Light attack!
[2020.06.08-04.39.24:554][956]LogTemp: Warning: Light attack!
[2020.06.08-04.39.24:580][958]LogTemp: Warning: We are taking damage for 0.100000 points.
[2020.06.08-04.39.25:322][ 11]LogTemp: Warning: Light attack!
[2020.06.08-04.39.25:505][ 24]LogTemp: Warning: Light attack!
[2020.06.08-04.39.25:687][ 37]LogTemp: Warning: Light attack!
[2020.06.08-04.39.25:870][ 50]LogTemp: Warning: Light attack!
[2020.06.08-04.39.26:514][ 96]LogTemp: Warning: Light attack!
[2020.06.08-04.39.26:725][111]LogTemp: Warning: Light attack!
[2020.06.08-04.39.26:920][125]LogTemp: Warning: Light attack!
[2020.06.08-04.39.27:103][138]LogTemp: Warning: Light attack!
[2020.06.08-04.39.27:299][152]LogTemp: Warning: Light attack!
[2020.06.08-04.39.27:552][170]LogTemp: Warning: Light attack!
[2020.06.08-04.39.27:832][190]LogTemp: Warning: Light attack!
[2020.06.08-04.39.28:071][207]LogTemp: Warning: Light attack!
[2020.06.08-04.39.28:391][230]LogAudioMixer: Display: No commands were queued while flushing the source manager.
[2020.06.08-04.39.28:391][230]LogAudioMixer: Display: No commands were queued while flushing the source manager.
[2020.06.08-04.39.28:391][230]LogBlueprintUserMessages: Early EndPlayMap Detection: Level '/Game/ThirdPersonCPP/Maps/ThirdPersonExampleMap.ThirdPersonExampleMap:PersistentLevel' has LevelScriptBlueprint '/Game/ThirdPersonCPP/Maps/ThirdPersonExampleMap.ThirdPersonExampleMap:PersistentLevel.ThirdPersonExampleMap' with GeneratedClass '/Game/ThirdPersonCPP/Maps/ThirdPersonExampleMap.ThirdPersonExampleMap_C' with ClassGeneratedBy '/Game/ThirdPersonCPP/Maps/ThirdPersonExampleMap.ThirdPersonExampleMap:PersistentLevel.ThirdPersonExampleMap'
[2020.06.08-04.39.28:391][230]LogSlate: Updating window title bar state: overlay mode, drag disabled, window buttons hidden, title bar hidden
[2020.06.08-04.39.28:391][230]LogWorld: BeginTearingDown for /Game/ThirdPersonCPP/Maps/UEDPIE_0_ThirdPersonExampleMap
[2020.06.08-04.39.28:405][230]LogSlate: Window 'Overheat Game Preview Standalone (64-bit/PCD3D_SM5)' being destroyed
[2020.06.08-04.39.28:417][230]LogAudioMixer: Display: No commands were queued while flushing the source manager.
[2020.06.08-04.39.28:417][230]LogWorld: UWorld::CleanupWorld for ThirdPersonExampleMap, bSessionEnded=true, bCleanupResources=true
[2020.06.08-04.39.28:417][230]LogSlate: InvalidateAllWidgets triggered.  All widgets were invalidated
[2020.06.08-04.39.28:430][230]LogPlayLevel: Display: Shutting down PIE online subsystems
[2020.06.08-04.39.28:431][230]LogBlueprintUserMessages: Late EndPlayMap Detection: Level '/Game/ThirdPersonCPP/Maps/ThirdPersonExampleMap.ThirdPersonExampleMap:PersistentLevel' has LevelScriptBlueprint '/Game/ThirdPersonCPP/Maps/ThirdPersonExampleMap.ThirdPersonExampleMap:PersistentLevel.ThirdPersonExampleMap' with GeneratedClass '/Game/ThirdPersonCPP/Maps/ThirdPersonExampleMap.ThirdPersonExampleMap_C' with ClassGeneratedBy '/Game/ThirdPersonCPP/Maps/ThirdPersonExampleMap.ThirdPersonExampleMap:PersistentLevel.ThirdPersonExampleMap'
[2020.06.08-04.39.28:437][230]LogSlate: InvalidateAllWidgets triggered.  All widgets were invalidated
[2020.06.08-04.39.28:483][230]LogAudioMixer: Display: No commands were queued while flushing the source manager.
[2020.06.08-04.39.28:506][230]LogUObjectHash: Compacting FUObjectHashTables data took   4.64ms
[2020.06.08-04.39.28:520][231]LogPlayLevel: Display: Destroying online subsystem :Context_15
[2020.06.08-04.49.48:881][  5]LogUObjectHash: Compacting FUObjectHashTables data took   3.95ms
[2020.06.08-04.49.51:179][145]LogUObjectHash: Compacting FUObjectHashTables data took   2.77ms
[2020.06.08-04.49.53:863][398]LogUObjectHash: Compacting FUObjectHashTables data took   0.97ms
[2020.06.08-04.49.54:999][510]LogUObjectHash: Compacting FUObjectHashTables data took   1.02ms
[2020.06.08-04.49.57:797][665]LogUObjectHash: Compacting FUObjectHashTables data took   2.76ms
[2020.06.08-04.49.58:570][665]LogSavePackage: Moving 'D:/Bigger GitHub Projects/GitHub/Overheat/Overheat/Saved/ThirdPersonExampleMapDC78A74E45FBC315FF85F186AFEA5376.tmp' to 'D:/Bigger GitHub Projects/GitHub/Overheat/Overheat/Content/ThirdPersonCPP/Maps/ThirdPersonExampleMap.umap'
[2020.06.08-04.49.59:061][665]LogSavePackage: Moving 'D:/Bigger GitHub Projects/GitHub/Overheat/Overheat/Saved/ThirdPersonExampleMap_BuiltData5EB68FDA472D02737F59DA842B42B707.tmp' to 'D:/Bigger GitHub Projects/GitHub/Overheat/Overheat/Content/ThirdPersonCPP/Maps/ThirdPersonExampleMap_BuiltData.uasset'
[2020.06.08-04.49.59:101][665]AssetCheck: New page: Asset Save: multiple assets
[2020.06.08-04.49.59:101][665]LogContentValidation: Display: Validating World /Game/ThirdPersonCPP/Maps/ThirdPersonExampleMap.ThirdPersonExampleMap
[2020.06.08-04.49.59:101][665]LogContentValidation: Display: Validating MapBuildDataRegistry /Game/ThirdPersonCPP/Maps/ThirdPersonExampleMap_BuiltData.ThirdPersonExampleMap_BuiltData
[2020.06.08-04.50.00:938][788]LogUObjectHash: Compacting FUObjectHashTables data took   3.96ms
[2020.06.08-04.50.03:635][943]SourceControl: fatal: C:/Program Files (x86)/UE_4.24/Engine/Content: 'C:/Program Files (x86)/UE_4.24/Engine/Content' is outside repository
[2020.06.08-04.50.28:661][943]LogSlate: Window 'Submit Files' being destroyed
